{"/Users/stephann/projects/honor-board-app/src-pwa/custom-service-worker.js": {"path":"/Users/stephann/projects/honor-board-app/src-pwa/custom-service-worker.js","statementMap":{},"fnMap":{},"branchMap":{},"s":{},"f":{},"b":{},"hash":"3cf669c13507a038f9afbac32f39d324629f3ce0"}
,"/Users/stephann/projects/honor-board-app/src-pwa/register-service-worker.js": {"path":"/Users/stephann/projects/honor-board-app/src-pwa/register-service-worker.js","statementMap":{"0":{"start":{"line":7,"column":0},"end":{"line":41,"column":2}},"1":{"start":{"line":15,"column":4},"end":{"line":15,"column":70}},"2":{"start":{"line":19,"column":4},"end":{"line":19,"column":54}},"3":{"start":{"line":23,"column":4},"end":{"line":23,"column":59}},"4":{"start":{"line":27,"column":4},"end":{"line":27,"column":46}},"5":{"start":{"line":31,"column":4},"end":{"line":31,"column":60}},"6":{"start":{"line":35,"column":4},"end":{"line":35,"column":80}},"7":{"start":{"line":39,"column":4},"end":{"line":39,"column":67}}},"fnMap":{"0":{"name":"(anonymous_0)","decl":{"start":{"line":14,"column":2},"end":{"line":14,"column":3}},"loc":{"start":{"line":14,"column":11},"end":{"line":16,"column":3}},"line":14},"1":{"name":"(anonymous_1)","decl":{"start":{"line":18,"column":2},"end":{"line":18,"column":3}},"loc":{"start":{"line":18,"column":28},"end":{"line":20,"column":3}},"line":18},"2":{"name":"(anonymous_2)","decl":{"start":{"line":22,"column":2},"end":{"line":22,"column":3}},"loc":{"start":{"line":22,"column":24},"end":{"line":24,"column":3}},"line":22},"3":{"name":"(anonymous_3)","decl":{"start":{"line":26,"column":2},"end":{"line":26,"column":3}},"loc":{"start":{"line":26,"column":29},"end":{"line":28,"column":3}},"line":26},"4":{"name":"(anonymous_4)","decl":{"start":{"line":30,"column":2},"end":{"line":30,"column":3}},"loc":{"start":{"line":30,"column":25},"end":{"line":32,"column":3}},"line":30},"5":{"name":"(anonymous_5)","decl":{"start":{"line":34,"column":2},"end":{"line":34,"column":3}},"loc":{"start":{"line":34,"column":13},"end":{"line":36,"column":3}},"line":34},"6":{"name":"(anonymous_6)","decl":{"start":{"line":38,"column":2},"end":{"line":38,"column":3}},"loc":{"start":{"line":38,"column":14},"end":{"line":40,"column":3}},"line":38}},"branchMap":{},"s":{"0":0,"1":0,"2":0,"3":0,"4":0,"5":0,"6":0,"7":0},"f":{"0":0,"1":0,"2":0,"3":0,"4":0,"5":0,"6":0},"b":{},"hash":"47f2168b3e29a81cb488f0fb58fd751201c62153"}
,"/Users/stephann/projects/honor-board-app/src/boot/axios.js": {"path":"/Users/stephann/projects/honor-board-app/src/boot/axios.js","statementMap":{"0":{"start":{"line":4,"column":2},"end":{"line":4,"column":30}}},"fnMap":{"0":{"name":"(anonymous_0)","decl":{"start":{"line":3,"column":15},"end":{"line":3,"column":16}},"loc":{"start":{"line":3,"column":34},"end":{"line":5,"column":1}},"line":3}},"branchMap":{},"s":{"0":0},"f":{"0":0},"b":{},"hash":"72d39030c271268acc61184722b773044d439b8a"}
,"/Users/stephann/projects/honor-board-app/src/boot/i18n.js": {"path":"/Users/stephann/projects/honor-board-app/src/boot/i18n.js","statementMap":{"0":{"start":{"line":5,"column":2},"end":{"line":5,"column":18}},"1":{"start":{"line":8,"column":2},"end":{"line":12,"column":4}}},"fnMap":{"0":{"name":"(anonymous_0)","decl":{"start":{"line":4,"column":15},"end":{"line":4,"column":16}},"loc":{"start":{"line":4,"column":39},"end":{"line":13,"column":1}},"line":4}},"branchMap":{},"s":{"0":0,"1":0},"f":{"0":0},"b":{},"hash":"96b9ba0187c3b69e9b3e3b3ba7447ba9d45db638"}
,"/Users/stephann/projects/honor-board-app/src/i18n/index.js": {"path":"/Users/stephann/projects/honor-board-app/src/i18n/index.js","statementMap":{},"fnMap":{},"branchMap":{},"s":{},"f":{},"b":{},"hash":"6b232312bd1b6d9e8dbbdba93190414a55fd5dcf"}
,"/Users/stephann/projects/honor-board-app/src/i18n/en-us/index.js": {"path":"/Users/stephann/projects/honor-board-app/src/i18n/en-us/index.js","statementMap":{},"fnMap":{},"branchMap":{},"s":{},"f":{},"b":{},"hash":"27a042e63a2d68e2d328c38ca920a6bced8a2416"}
,"/Users/stephann/projects/honor-board-app/src/layouts/MyLayout.vue": {"path":"/Users/stephann/projects/honor-board-app/src/layouts/MyLayout.vue","statementMap":{"0":{"start":{"line":85,"column":0},"end":{"line":85,"column":null}},"1":{"start":{"line":90,"column":0},"end":{"line":90,"column":null}}},"fnMap":{"0":{"name":"data","decl":{"start":{"line":89,"column":0},"end":{"line":89,"column":null}},"loc":{"start":{"line":89,"column":0},"end":{"line":93,"column":null}}}},"branchMap":{},"s":{"0":0,"1":0},"f":{"0":0},"b":{}}
,"/Users/stephann/projects/honor-board-app/src/router/index.js": {"path":"/Users/stephann/projects/honor-board-app/src/router/index.js","statementMap":{"0":{"start":{"line":6,"column":0},"end":{"line":6,"column":18}},"1":{"start":{"line":14,"column":17},"end":{"line":23,"column":4}},"2":{"start":{"line":15,"column":27},"end":{"line":15,"column":41}},"3":{"start":{"line":25,"column":2},"end":{"line":25,"column":15}}},"fnMap":{"0":{"name":"(anonymous_0)","decl":{"start":{"line":13,"column":15},"end":{"line":13,"column":16}},"loc":{"start":{"line":13,"column":54},"end":{"line":26,"column":1}},"line":13},"1":{"name":"(anonymous_1)","decl":{"start":{"line":15,"column":20},"end":{"line":15,"column":21}},"loc":{"start":{"line":15,"column":27},"end":{"line":15,"column":41}},"line":15}},"branchMap":{},"s":{"0":0,"1":0,"2":0,"3":0},"f":{"0":0,"1":0},"b":{},"hash":"32dc6148748ca47876798779aa974db4699d02a3"}
,"/Users/stephann/projects/honor-board-app/src/router/routes.js": {"path":"/Users/stephann/projects/honor-board-app/src/router/routes.js","statementMap":{"0":{"start":{"line":2,"column":15},"end":{"line":10,"column":1}},"1":{"start":{"line":5,"column":21},"end":{"line":5,"column":51}},"2":{"start":{"line":7,"column":35},"end":{"line":7,"column":60}},"3":{"start":{"line":13,"column":0},"end":{"line":18,"column":1}},"4":{"start":{"line":14,"column":2},"end":{"line":17,"column":4}},"5":{"start":{"line":16,"column":21},"end":{"line":16,"column":49}}},"fnMap":{"0":{"name":"(anonymous_0)","decl":{"start":{"line":5,"column":15},"end":{"line":5,"column":16}},"loc":{"start":{"line":5,"column":21},"end":{"line":5,"column":51}},"line":5},"1":{"name":"(anonymous_1)","decl":{"start":{"line":7,"column":29},"end":{"line":7,"column":30}},"loc":{"start":{"line":7,"column":35},"end":{"line":7,"column":60}},"line":7},"2":{"name":"(anonymous_2)","decl":{"start":{"line":16,"column":15},"end":{"line":16,"column":16}},"loc":{"start":{"line":16,"column":21},"end":{"line":16,"column":49}},"line":16}},"branchMap":{"0":{"loc":{"start":{"line":13,"column":0},"end":{"line":18,"column":1}},"type":"if","locations":[{"start":{"line":13,"column":0},"end":{"line":18,"column":1}},{"start":{"line":13,"column":0},"end":{"line":18,"column":1}}],"line":13}},"s":{"0":0,"1":0,"2":0,"3":0,"4":0,"5":0},"f":{"0":0,"1":0,"2":0},"b":{"0":[0,0]},"hash":"dbb0b6f0790672006a4c43189ac87e64da913422"}
,"/Users/stephann/projects/honor-board-app/src/store/index.js": {"path":"/Users/stephann/projects/honor-board-app/src/store/index.js","statementMap":{"0":{"start":{"line":6,"column":0},"end":{"line":6,"column":13}},"1":{"start":{"line":14,"column":16},"end":{"line":22,"column":4}},"2":{"start":{"line":24,"column":2},"end":{"line":24,"column":14}}},"fnMap":{"0":{"name":"(anonymous_0)","decl":{"start":{"line":13,"column":15},"end":{"line":13,"column":16}},"loc":{"start":{"line":13,"column":47},"end":{"line":25,"column":1}},"line":13}},"branchMap":{},"s":{"0":0,"1":0,"2":0},"f":{"0":0},"b":{},"hash":"23b25adba9820674bd062f8a627f25fecb5b08b3"}
,"/Users/stephann/projects/honor-board-app/src/store/module-example/actions.js": {"path":"/Users/stephann/projects/honor-board-app/src/store/module-example/actions.js","statementMap":{},"fnMap":{"0":{"name":"someAction","decl":{"start":{"line":1,"column":16},"end":{"line":1,"column":26}},"loc":{"start":{"line":1,"column":43},"end":{"line":2,"column":1}},"line":1}},"branchMap":{},"s":{},"f":{"0":0},"b":{},"hash":"3b002a6140f08db2fd1791e81684f2055d1d29a3"}
,"/Users/stephann/projects/honor-board-app/src/store/module-example/getters.js": {"path":"/Users/stephann/projects/honor-board-app/src/store/module-example/getters.js","statementMap":{},"fnMap":{"0":{"name":"someGetter","decl":{"start":{"line":1,"column":16},"end":{"line":1,"column":26}},"loc":{"start":{"line":1,"column":41},"end":{"line":2,"column":1}},"line":1}},"branchMap":{},"s":{},"f":{"0":0},"b":{},"hash":"88a5b6c163a13254de3656581aacdfbfd299e6be"}
,"/Users/stephann/projects/honor-board-app/src/store/module-example/index.js": {"path":"/Users/stephann/projects/honor-board-app/src/store/module-example/index.js","statementMap":{},"fnMap":{},"branchMap":{},"s":{},"f":{},"b":{},"hash":"c5ed5b03aa23fe5f322ef3717e5a37068567ff8c"}
,"/Users/stephann/projects/honor-board-app/src/store/module-example/mutations.js": {"path":"/Users/stephann/projects/honor-board-app/src/store/module-example/mutations.js","statementMap":{},"fnMap":{"0":{"name":"someMutation","decl":{"start":{"line":1,"column":16},"end":{"line":1,"column":28}},"loc":{"start":{"line":1,"column":43},"end":{"line":2,"column":1}},"line":1}},"branchMap":{},"s":{},"f":{"0":0},"b":{},"hash":"df20407c87c3361719892d338ef8bd54c000a778"}
,"/Users/stephann/projects/honor-board-app/src/store/module-example/state.js": {"path":"/Users/stephann/projects/honor-board-app/src/store/module-example/state.js","statementMap":{},"fnMap":{},"branchMap":{},"s":{},"f":{},"b":{},"hash":"1330eaed88c8afe5dac1c46ed07d467b4ac2e9c0"}
}
